2025-12-28T14:41:44.767+08:00  INFO 5816 --- [research-project-management] [main] c.r.p.ProjectManagementApplication       : Starting ProjectManagementApplication using Java 17.0.5 with PID 5816 (E:\workspace\hunanxinchuang\unifiportal\kjxm\122501\backend\target\classes started by lxyyg in E:\workspace\hunanxinchuang\unifiportal\kjxm\122501\backend)
2025-12-28T14:41:44.831+08:00 DEBUG 5816 --- [research-project-management] [main] c.r.p.ProjectManagementApplication       : Running with Spring Boot v3.2.0, Spring v6.1.1
2025-12-28T14:41:44.832+08:00  INFO 5816 --- [research-project-management] [main] c.r.p.ProjectManagementApplication       : The following 1 profile is active: "dev"
2025-12-28T14:41:48.461+08:00  INFO 5816 --- [research-project-management] [main] .s.d.r.c.RepositoryConfigurationDelegate : Multiple Spring Data modules found, entering strict repository configuration mode
2025-12-28T14:41:48.483+08:00  INFO 5816 --- [research-project-management] [main] .s.d.r.c.RepositoryConfigurationDelegate : Bootstrapping Spring Data Redis repositories in DEFAULT mode.
2025-12-28T14:41:48.635+08:00  INFO 5816 --- [research-project-management] [main] .s.d.r.c.RepositoryConfigurationDelegate : Finished Spring Data repository scanning in 78 ms. Found 0 Redis repository interfaces.
2025-12-28T14:41:50.023+08:00  INFO 5816 --- [research-project-management] [main] o.s.b.w.embedded.tomcat.TomcatWebServer  : Tomcat initialized with port 8080 (http)
2025-12-28T14:41:50.046+08:00  INFO 5816 --- [research-project-management] [main] o.apache.catalina.core.StandardService   : Starting service [Tomcat]
2025-12-28T14:41:50.047+08:00  INFO 5816 --- [research-project-management] [main] o.apache.catalina.core.StandardEngine    : Starting Servlet engine: [Apache Tomcat/10.1.16]
2025-12-28T14:41:50.165+08:00  INFO 5816 --- [research-project-management] [main] o.a.c.c.C.[Tomcat].[localhost].[/api]    : Initializing Spring embedded WebApplicationContext
2025-12-28T14:41:50.166+08:00  INFO 5816 --- [research-project-management] [main] w.s.c.ServletWebServerApplicationContext : Root WebApplicationContext: initialization completed in 5041 ms
2025-12-28T14:41:50.956+08:00 DEBUG 5816 --- [research-project-management] [main] c.b.m.e.s.MybatisSqlSessionFactoryBean   : Registered plugin: 'com.baomidou.mybatisplus.extension.plugins.MybatisPlusInterceptor@59e7564b'
2025-12-28T14:41:51.697+08:00 DEBUG 5816 --- [research-project-management] [main] c.b.m.e.s.MybatisSqlSessionFactoryBean   : Parsed mapper file: 'file [E:\workspace\hunanxinchuang\unifiportal\kjxm\122501\backend\target\classes\mapper\AcceptanceMapper.xml]'
2025-12-28T14:41:51.757+08:00 DEBUG 5816 --- [research-project-management] [main] c.b.m.e.s.MybatisSqlSessionFactoryBean   : Parsed mapper file: 'file [E:\workspace\hunanxinchuang\unifiportal\kjxm\122501\backend\target\classes\mapper\AchievementMapper.xml]'
2025-12-28T14:41:51.801+08:00 DEBUG 5816 --- [research-project-management] [main] c.b.m.e.s.MybatisSqlSessionFactoryBean   : Parsed mapper file: 'file [E:\workspace\hunanxinchuang\unifiportal\kjxm\122501\backend\target\classes\mapper\AnnualMapper.xml]'
2025-12-28T14:41:51.842+08:00 DEBUG 5816 --- [research-project-management] [main] c.b.m.e.s.MybatisSqlSessionFactoryBean   : Parsed mapper file: 'file [E:\workspace\hunanxinchuang\unifiportal\kjxm\122501\backend\target\classes\mapper\AssessmentMapper.xml]'
2025-12-28T14:41:51.876+08:00 DEBUG 5816 --- [research-project-management] [main] c.b.m.e.s.MybatisSqlSessionFactoryBean   : Parsed mapper file: 'file [E:\workspace\hunanxinchuang\unifiportal\kjxm\122501\backend\target\classes\mapper\AssessmentMaterialMapper.xml]'
2025-12-28T14:41:51.905+08:00 DEBUG 5816 --- [research-project-management] [main] c.b.m.e.s.MybatisSqlSessionFactoryBean   : Parsed mapper file: 'file [E:\workspace\hunanxinchuang\unifiportal\kjxm\122501\backend\target\classes\mapper\AwardMapper.xml]'
2025-12-28T14:41:51.942+08:00 DEBUG 5816 --- [research-project-management] [main] c.b.m.e.s.MybatisSqlSessionFactoryBean   : Parsed mapper file: 'file [E:\workspace\hunanxinchuang\unifiportal\kjxm\122501\backend\target\classes\mapper\BasicDataMapper.xml]'
2025-12-28T14:41:51.976+08:00 DEBUG 5816 --- [research-project-management] [main] c.b.m.e.s.MybatisSqlSessionFactoryBean   : Parsed mapper file: 'file [E:\workspace\hunanxinchuang\unifiportal\kjxm\122501\backend\target\classes\mapper\BorrowRecordMapper.xml]'
2025-12-28T14:41:52.021+08:00 DEBUG 5816 --- [research-project-management] [main] c.b.m.e.s.MybatisSqlSessionFactoryBean   : Parsed mapper file: 'file [E:\workspace\hunanxinchuang\unifiportal\kjxm\122501\backend\target\classes\mapper\ChangeMapper.xml]'
2025-12-28T14:41:52.056+08:00 DEBUG 5816 --- [research-project-management] [main] c.b.m.e.s.MybatisSqlSessionFactoryBean   : Parsed mapper file: 'file [E:\workspace\hunanxinchuang\unifiportal\kjxm\122501\backend\target\classes\mapper\DemandMapper.xml]'
2025-12-28T14:41:52.110+08:00 DEBUG 5816 --- [research-project-management] [main] c.b.m.e.s.MybatisSqlSessionFactoryBean   : Parsed mapper file: 'file [E:\workspace\hunanxinchuang\unifiportal\kjxm\122501\backend\target\classes\mapper\DictionaryMapper.xml]'
2025-12-28T14:41:52.139+08:00 DEBUG 5816 --- [research-project-management] [main] c.b.m.e.s.MybatisSqlSessionFactoryBean   : Parsed mapper file: 'file [E:\workspace\hunanxinchuang\unifiportal\kjxm\122501\backend\target\classes\mapper\DownloadRecordMapper.xml]'
2025-12-28T14:41:52.163+08:00 DEBUG 5816 --- [research-project-management] [main] c.b.m.e.s.MybatisSqlSessionFactoryBean   : Parsed mapper file: 'file [E:\workspace\hunanxinchuang\unifiportal\kjxm\122501\backend\target\classes\mapper\DuplicateCheckResultMapper.xml]'
2025-12-28T14:41:52.195+08:00 DEBUG 5816 --- [research-project-management] [main] c.b.m.e.s.MybatisSqlSessionFactoryBean   : Parsed mapper file: 'file [E:\workspace\hunanxinchuang\unifiportal\kjxm\122501\backend\target\classes\mapper\EquipmentMapper.xml]'
2025-12-28T14:41:52.232+08:00 DEBUG 5816 --- [research-project-management] [main] c.b.m.e.s.MybatisSqlSessionFactoryBean   : Parsed mapper file: 'file [E:\workspace\hunanxinchuang\unifiportal\kjxm\122501\backend\target\classes\mapper\ExpertLeaderMapper.xml]'
2025-12-28T14:41:52.271+08:00 DEBUG 5816 --- [research-project-management] [main] c.b.m.e.s.MybatisSqlSessionFactoryBean   : Parsed mapper file: 'file [E:\workspace\hunanxinchuang\unifiportal\kjxm\122501\backend\target\classes\mapper\ExpertMapper.xml]'
2025-12-28T14:41:52.305+08:00 DEBUG 5816 --- [research-project-management] [main] c.b.m.e.s.MybatisSqlSessionFactoryBean   : Parsed mapper file: 'file [E:\workspace\hunanxinchuang\unifiportal\kjxm\122501\backend\target\classes\mapper\ExpertReviewMapper.xml]'
2025-12-28T14:41:52.347+08:00 DEBUG 5816 --- [research-project-management] [main] c.b.m.e.s.MybatisSqlSessionFactoryBean   : Parsed mapper file: 'file [E:\workspace\hunanxinchuang\unifiportal\kjxm\122501\backend\target\classes\mapper\ExpertVoteMapper.xml]'
2025-12-28T14:41:52.378+08:00 DEBUG 5816 --- [research-project-management] [main] c.b.m.e.s.MybatisSqlSessionFactoryBean   : Parsed mapper file: 'file [E:\workspace\hunanxinchuang\unifiportal\kjxm\122501\backend\target\classes\mapper\FileMapper.xml]'
2025-12-28T14:41:52.417+08:00 DEBUG 5816 --- [research-project-management] [main] c.b.m.e.s.MybatisSqlSessionFactoryBean   : Parsed mapper file: 'file [E:\workspace\hunanxinchuang\unifiportal\kjxm\122501\backend\target\classes\mapper\InstitutionMapper.xml]'
2025-12-28T14:41:52.450+08:00 DEBUG 5816 --- [research-project-management] [main] c.b.m.e.s.MybatisSqlSessionFactoryBean   : Parsed mapper file: 'file [E:\workspace\hunanxinchuang\unifiportal\kjxm\122501\backend\target\classes\mapper\MidtermMapper.xml]'
2025-12-28T14:41:52.480+08:00 DEBUG 5816 --- [research-project-management] [main] c.b.m.e.s.MybatisSqlSessionFactoryBean   : Parsed mapper file: 'file [E:\workspace\hunanxinchuang\unifiportal\kjxm\122501\backend\target\classes\mapper\NoticeMapper.xml]'
2025-12-28T14:41:52.512+08:00 DEBUG 5816 --- [research-project-management] [main] c.b.m.e.s.MybatisSqlSessionFactoryBean   : Parsed mapper file: 'file [E:\workspace\hunanxinchuang\unifiportal\kjxm\122501\backend\target\classes\mapper\PermissionMapper.xml]'
2025-12-28T14:41:52.538+08:00 DEBUG 5816 --- [research-project-management] [main] c.b.m.e.s.MybatisSqlSessionFactoryBean   : Parsed mapper file: 'file [E:\workspace\hunanxinchuang\unifiportal\kjxm\122501\backend\target\classes\mapper\ProjectAttachmentMapper.xml]'
2025-12-28T14:41:52.571+08:00 DEBUG 5816 --- [research-project-management] [main] c.b.m.e.s.MybatisSqlSessionFactoryBean   : Parsed mapper file: 'file [E:\workspace\hunanxinchuang\unifiportal\kjxm\122501\backend\target\classes\mapper\ProjectBudgetMapper.xml]'
2025-12-28T14:41:52.622+08:00 DEBUG 5816 --- [research-project-management] [main] c.b.m.e.s.MybatisSqlSessionFactoryBean   : Parsed mapper file: 'file [E:\workspace\hunanxinchuang\unifiportal\kjxm\122501\backend\target\classes\mapper\ProjectMapper.xml]'
2025-12-28T14:41:52.654+08:00 DEBUG 5816 --- [research-project-management] [main] c.b.m.e.s.MybatisSqlSessionFactoryBean   : Parsed mapper file: 'file [E:\workspace\hunanxinchuang\unifiportal\kjxm\122501\backend\target\classes\mapper\ProjectMemberMapper.xml]'
2025-12-28T14:41:52.694+08:00 DEBUG 5816 --- [research-project-management] [main] c.b.m.e.s.MybatisSqlSessionFactoryBean   : Parsed mapper file: 'file [E:\workspace\hunanxinchuang\unifiportal\kjxm\122501\backend\target\classes\mapper\ProjectPerformanceMapper.xml]'
2025-12-28T14:41:52.728+08:00 DEBUG 5816 --- [research-project-management] [main] c.b.m.e.s.MybatisSqlSessionFactoryBean   : Parsed mapper file: 'file [E:\workspace\hunanxinchuang\unifiportal\kjxm\122501\backend\target\classes\mapper\ProjectScheduleMapper.xml]'
2025-12-28T14:41:52.755+08:00 DEBUG 5816 --- [research-project-management] [main] c.b.m.e.s.MybatisSqlSessionFactoryBean   : Parsed mapper file: 'file [E:\workspace\hunanxinchuang\unifiportal\kjxm\122501\backend\target\classes\mapper\ResourceMapper.xml]'
2025-12-28T14:41:52.778+08:00 DEBUG 5816 --- [research-project-management] [main] c.b.m.e.s.MybatisSqlSessionFactoryBean   : Parsed mapper file: 'file [E:\workspace\hunanxinchuang\unifiportal\kjxm\122501\backend\target\classes\mapper\RoleMapper.xml]'
2025-12-28T14:41:52.801+08:00 DEBUG 5816 --- [research-project-management] [main] c.b.m.e.s.MybatisSqlSessionFactoryBean   : Parsed mapper file: 'file [E:\workspace\hunanxinchuang\unifiportal\kjxm\122501\backend\target\classes\mapper\RolePermissionMapper.xml]'
2025-12-28T14:41:52.826+08:00 DEBUG 5816 --- [research-project-management] [main] c.b.m.e.s.MybatisSqlSessionFactoryBean   : Parsed mapper file: 'file [E:\workspace\hunanxinchuang\unifiportal\kjxm\122501\backend\target\classes\mapper\SoftwareMapper.xml]'
2025-12-28T14:41:52.867+08:00 DEBUG 5816 --- [research-project-management] [main] c.b.m.e.s.MybatisSqlSessionFactoryBean   : Parsed mapper file: 'file [E:\workspace\hunanxinchuang\unifiportal\kjxm\122501\backend\target\classes\mapper\StatusLabelMapper.xml]'
2025-12-28T14:41:52.893+08:00 DEBUG 5816 --- [research-project-management] [main] c.b.m.e.s.MybatisSqlSessionFactoryBean   : Parsed mapper file: 'file [E:\workspace\hunanxinchuang\unifiportal\kjxm\122501\backend\target\classes\mapper\TaskBookMapper.xml]'
2025-12-28T14:41:52.918+08:00 DEBUG 5816 --- [research-project-management] [main] c.b.m.e.s.MybatisSqlSessionFactoryBean   : Parsed mapper file: 'file [E:\workspace\hunanxinchuang\unifiportal\kjxm\122501\backend\target\classes\mapper\TodoItemMapper.xml]'
2025-12-28T14:41:52.945+08:00 DEBUG 5816 --- [research-project-management] [main] c.b.m.e.s.MybatisSqlSessionFactoryBean   : Parsed mapper file: 'file [E:\workspace\hunanxinchuang\unifiportal\kjxm\122501\backend\target\classes\mapper\TransformationMapper.xml]'
2025-12-28T14:41:52.978+08:00 DEBUG 5816 --- [research-project-management] [main] c.b.m.e.s.MybatisSqlSessionFactoryBean   : Parsed mapper file: 'file [E:\workspace\hunanxinchuang\unifiportal\kjxm\122501\backend\target\classes\mapper\UserMapper.xml]'
2025-12-28T14:41:53.008+08:00 DEBUG 5816 --- [research-project-management] [main] c.b.m.e.s.MybatisSqlSessionFactoryBean   : Parsed mapper file: 'file [E:\workspace\hunanxinchuang\unifiportal\kjxm\122501\backend\target\classes\mapper\WorkflowHistoryMapper.xml]'
2025-12-28T14:41:53.028+08:00 DEBUG 5816 --- [research-project-management] [main] c.b.m.e.s.MybatisSqlSessionFactoryBean   : Parsed mapper file: 'file [E:\workspace\hunanxinchuang\unifiportal\kjxm\122501\backend\target\classes\mapper\WorkflowMapper.xml]'
2025-12-28T14:41:56.480+08:00  WARN 5816 --- [research-project-management] [main] .s.s.UserDetailsServiceAutoConfiguration : 

Using generated security password: 9a206fe2-9e63-4130-b4e8-686adc3a2db7

This generated password is for development use only. Your security configuration must be updated before running your application in production.

2025-12-28T14:41:59.810+08:00  INFO 5816 --- [research-project-management] [main] o.s.s.web.DefaultSecurityFilterChain     : Will secure any request with [org.springframework.security.web.session.DisableEncodeUrlFilter@7816454d, org.springframework.security.web.context.request.async.WebAsyncManagerIntegrationFilter@67d180e4, org.springframework.security.web.context.SecurityContextHolderFilter@6f785a27, org.springframework.security.web.header.HeaderWriterFilter@5a6af2c4, org.springframework.web.filter.CorsFilter@54e18a46, org.springframework.security.web.authentication.logout.LogoutFilter@66456506, org.springframework.security.web.savedrequest.RequestCacheAwareFilter@8f09a02, org.springframework.security.web.servletapi.SecurityContextHolderAwareRequestFilter@5454be, org.springframework.security.web.authentication.AnonymousAuthenticationFilter@1293f8d7, org.springframework.security.web.session.SessionManagementFilter@14fff5e7, org.springframework.security.web.access.ExceptionTranslationFilter@2b15ba1a, org.springframework.security.web.access.intercept.AuthorizationFilter@758d4aa9]
2025-12-28T14:42:03.069+08:00  INFO 5816 --- [research-project-management] [main] o.s.b.w.embedded.tomcat.TomcatWebServer  : Tomcat started on port 8080 (http) with context path '/api'
2025-12-28T14:42:03.144+08:00  INFO 5816 --- [research-project-management] [main] c.r.p.ProjectManagementApplication       : Started ProjectManagementApplication in 20.196 seconds (process running for 28.423)
2025-12-28T14:42:03.148+08:00 DEBUG 5816 --- [research-project-management] [main] c.b.m.a.DdlApplicationRunner             :   ...  DDL start create  ...  
2025-12-28T14:42:03.149+08:00 DEBUG 5816 --- [research-project-management] [main] c.b.m.a.DdlApplicationRunner             :   ...  DDL end create  ...  
2025-12-28T14:42:56.133+08:00  INFO 5816 --- [research-project-management] [http-nio-8080-exec-1] o.a.c.c.C.[Tomcat].[localhost].[/api]    : Initializing Spring DispatcherServlet 'dispatcherServlet'
2025-12-28T14:42:56.134+08:00  INFO 5816 --- [research-project-management] [http-nio-8080-exec-1] o.s.web.servlet.DispatcherServlet        : Initializing Servlet 'dispatcherServlet'
2025-12-28T14:42:56.137+08:00  INFO 5816 --- [research-project-management] [http-nio-8080-exec-1] o.s.web.servlet.DispatcherServlet        : Completed initialization in 3 ms
2025-12-28T14:42:56.204+08:00  WARN 5816 --- [research-project-management] [http-nio-8080-exec-1] o.s.w.s.h.HandlerMappingIntrospector     : Cache miss for REQUEST dispatch to '/api/auth/login' (previous null). Performing MatchableHandlerMapping lookup. This is logged once only at WARN level, and every time at TRACE.
2025-12-28T14:42:56.795+08:00  INFO 5816 --- [research-project-management] [http-nio-8080-exec-1] com.zaxxer.hikari.HikariDataSource       : HikariPool-1 - Starting...
2025-12-28T14:42:57.620+08:00  INFO 5816 --- [research-project-management] [http-nio-8080-exec-1] com.zaxxer.hikari.pool.HikariPool        : HikariPool-1 - Added connection com.mysql.cj.jdbc.ConnectionImpl@48d1b28b
2025-12-28T14:42:57.630+08:00  INFO 5816 --- [research-project-management] [http-nio-8080-exec-1] com.zaxxer.hikari.HikariDataSource       : HikariPool-1 - Start completed.
2025-12-28T14:47:27.246+08:00 ERROR 5816 --- [research-project-management] [http-nio-8080-exec-2] c.r.p.c.e.GlobalExceptionHandler         : 系统异常：

org.springframework.web.servlet.resource.NoResourceFoundException: No static resource api/auth/logout.
	at org.springframework.web.servlet.resource.ResourceHttpRequestHandler.handleRequest(ResourceHttpRequestHandler.java:585) ~[spring-webmvc-6.1.1.jar:6.1.1]
	at org.springframework.web.servlet.mvc.HttpRequestHandlerAdapter.handle(HttpRequestHandlerAdapter.java:52) ~[spring-webmvc-6.1.1.jar:6.1.1]
	at org.springframework.web.servlet.DispatcherServlet.doDispatch(DispatcherServlet.java:1089) ~[spring-webmvc-6.1.1.jar:6.1.1]
	at org.springframework.web.servlet.DispatcherServlet.doService(DispatcherServlet.java:979) ~[spring-webmvc-6.1.1.jar:6.1.1]
	at org.springframework.web.servlet.FrameworkServlet.processRequest(FrameworkServlet.java:1014) ~[spring-webmvc-6.1.1.jar:6.1.1]
	at org.springframework.web.servlet.FrameworkServlet.doPost(FrameworkServlet.java:914) ~[spring-webmvc-6.1.1.jar:6.1.1]
	at jakarta.servlet.http.HttpServlet.service(HttpServlet.java:590) ~[tomcat-embed-core-10.1.16.jar:6.0]
	at org.springframework.web.servlet.FrameworkServlet.service(FrameworkServlet.java:885) ~[spring-webmvc-6.1.1.jar:6.1.1]
	at jakarta.servlet.http.HttpServlet.service(HttpServlet.java:658) ~[tomcat-embed-core-10.1.16.jar:6.0]
	at org.apache.catalina.core.ApplicationFilterChain.internalDoFilter(ApplicationFilterChain.java:205) ~[tomcat-embed-core-10.1.16.jar:10.1.16]
	at org.apache.catalina.core.ApplicationFilterChain.doFilter(ApplicationFilterChain.java:149) ~[tomcat-embed-core-10.1.16.jar:10.1.16]
	at org.apache.tomcat.websocket.server.WsFilter.doFilter(WsFilter.java:51) ~[tomcat-embed-websocket-10.1.16.jar:10.1.16]
	at org.apache.catalina.core.ApplicationFilterChain.internalDoFilter(ApplicationFilterChain.java:174) ~[tomcat-embed-core-10.1.16.jar:10.1.16]
	at org.apache.catalina.core.ApplicationFilterChain.doFilter(ApplicationFilterChain.java:149) ~[tomcat-embed-core-10.1.16.jar:10.1.16]
	at org.springframework.web.filter.CorsFilter.doFilterInternal(CorsFilter.java:91) ~[spring-web-6.1.1.jar:6.1.1]
	at org.springframework.web.filter.OncePerRequestFilter.doFilter(OncePerRequestFilter.java:116) ~[spring-web-6.1.1.jar:6.1.1]
	at org.apache.catalina.core.ApplicationFilterChain.internalDoFilter(ApplicationFilterChain.java:174) ~[tomcat-embed-core-10.1.16.jar:10.1.16]
	at org.apache.catalina.core.ApplicationFilterChain.doFilter(ApplicationFilterChain.java:149) ~[tomcat-embed-core-10.1.16.jar:10.1.16]
	at org.springframework.security.web.FilterChainProxy.lambda$doFilterInternal$3(FilterChainProxy.java:231) ~[spring-security-web-6.2.0.jar:6.2.0]
	at org.springframework.security.web.FilterChainProxy$VirtualFilterChain.doFilter(FilterChainProxy.java:365) ~[spring-security-web-6.2.0.jar:6.2.0]
	at org.springframework.security.web.access.intercept.AuthorizationFilter.doFilter(AuthorizationFilter.java:100) ~[spring-security-web-6.2.0.jar:6.2.0]
	at org.springframework.security.web.FilterChainProxy$VirtualFilterChain.doFilter(FilterChainProxy.java:374) ~[spring-security-web-6.2.0.jar:6.2.0]
	at org.springframework.security.web.access.ExceptionTranslationFilter.doFilter(ExceptionTranslationFilter.java:126) ~[spring-security-web-6.2.0.jar:6.2.0]
	at org.springframework.security.web.access.ExceptionTranslationFilter.doFilter(ExceptionTranslationFilter.java:120) ~[spring-security-web-6.2.0.jar:6.2.0]
	at org.springframework.security.web.FilterChainProxy$VirtualFilterChain.doFilter(FilterChainProxy.java:374) ~[spring-security-web-6.2.0.jar:6.2.0]
	at org.springframework.security.web.session.SessionManagementFilter.doFilter(SessionManagementFilter.java:131) ~[spring-security-web-6.2.0.jar:6.2.0]
	at org.springframework.security.web.session.SessionManagementFilter.doFilter(SessionManagementFilter.java:85) ~[spring-security-web-6.2.0.jar:6.2.0]
	at org.springframework.security.web.FilterChainProxy$VirtualFilterChain.doFilter(FilterChainProxy.java:374) ~[spring-security-web-6.2.0.jar:6.2.0]
	at org.springframework.security.web.authentication.AnonymousAuthenticationFilter.doFilter(AnonymousAuthenticationFilter.java:100) ~[spring-security-web-6.2.0.jar:6.2.0]
	at org.springframework.security.web.FilterChainProxy$VirtualFilterChain.doFilter(FilterChainProxy.java:374) ~[spring-security-web-6.2.0.jar:6.2.0]
	at org.springframework.security.web.servletapi.SecurityContextHolderAwareRequestFilter.doFilter(SecurityContextHolderAwareRequestFilter.java:179) ~[spring-security-web-6.2.0.jar:6.2.0]
	at org.springframework.security.web.FilterChainProxy$VirtualFilterChain.doFilter(FilterChainProxy.java:374) ~[spring-security-web-6.2.0.jar:6.2.0]
	at org.springframework.security.web.savedrequest.RequestCacheAwareFilter.doFilter(RequestCacheAwareFilter.java:63) ~[spring-security-web-6.2.0.jar:6.2.0]
	at org.springframework.security.web.FilterChainProxy$VirtualFilterChain.doFilter(FilterChainProxy.java:374) ~[spring-security-web-6.2.0.jar:6.2.0]
	at org.springframework.security.web.authentication.logout.LogoutFilter.doFilter(LogoutFilter.java:107) ~[spring-security-web-6.2.0.jar:6.2.0]
	at org.springframework.security.web.authentication.logout.LogoutFilter.doFilter(LogoutFilter.java:93) ~[spring-security-web-6.2.0.jar:6.2.0]
	at org.springframework.security.web.FilterChainProxy$VirtualFilterChain.doFilter(FilterChainProxy.java:374) ~[spring-security-web-6.2.0.jar:6.2.0]
	at org.springframework.web.filter.CorsFilter.doFilterInternal(CorsFilter.java:91) ~[spring-web-6.1.1.jar:6.1.1]
	at org.springframework.web.filter.OncePerRequestFilter.doFilter(OncePerRequestFilter.java:116) ~[spring-web-6.1.1.jar:6.1.1]
	at org.springframework.security.web.FilterChainProxy$VirtualFilterChain.doFilter(FilterChainProxy.java:374) ~[spring-security-web-6.2.0.jar:6.2.0]
	at org.springframework.security.web.header.HeaderWriterFilter.doHeadersAfter(HeaderWriterFilter.java:90) ~[spring-security-web-6.2.0.jar:6.2.0]
	at org.springframework.security.web.header.HeaderWriterFilter.doFilterInternal(HeaderWriterFilter.java:75) ~[spring-security-web-6.2.0.jar:6.2.0]
	at org.springframework.web.filter.OncePerRequestFilter.doFilter(OncePerRequestFilter.java:116) ~[spring-web-6.1.1.jar:6.1.1]
	at org.springframework.security.web.FilterChainProxy$VirtualFilterChain.doFilter(FilterChainProxy.java:374) ~[spring-security-web-6.2.0.jar:6.2.0]
	at org.springframework.security.web.context.SecurityContextHolderFilter.doFilter(SecurityContextHolderFilter.java:82) ~[spring-security-web-6.2.0.jar:6.2.0]
	at org.springframework.security.web.context.SecurityContextHolderFilter.doFilter(SecurityContextHolderFilter.java:69) ~[spring-security-web-6.2.0.jar:6.2.0]
	at org.springframework.security.web.FilterChainProxy$VirtualFilterChain.doFilter(FilterChainProxy.java:374) ~[spring-security-web-6.2.0.jar:6.2.0]
	at org.springframework.security.web.context.request.async.WebAsyncManagerIntegrationFilter.doFilterInternal(WebAsyncManagerIntegrationFilter.java:62) ~[spring-security-web-6.2.0.jar:6.2.0]
	at org.springframework.web.filter.OncePerRequestFilter.doFilter(OncePerRequestFilter.java:116) ~[spring-web-6.1.1.jar:6.1.1]
	at org.springframework.security.web.FilterChainProxy$VirtualFilterChain.doFilter(FilterChainProxy.java:374) ~[spring-security-web-6.2.0.jar:6.2.0]
	at org.springframework.security.web.session.DisableEncodeUrlFilter.doFilterInternal(DisableEncodeUrlFilter.java:42) ~[spring-security-web-6.2.0.jar:6.2.0]
	at org.springframework.web.filter.OncePerRequestFilter.doFilter(OncePerRequestFilter.java:116) ~[spring-web-6.1.1.jar:6.1.1]
	at org.springframework.security.web.FilterChainProxy$VirtualFilterChain.doFilter(FilterChainProxy.java:374) ~[spring-security-web-6.2.0.jar:6.2.0]
	at org.springframework.security.web.FilterChainProxy.doFilterInternal(FilterChainProxy.java:233) ~[spring-security-web-6.2.0.jar:6.2.0]
	at org.springframework.security.web.FilterChainProxy.doFilter(FilterChainProxy.java:191) ~[spring-security-web-6.2.0.jar:6.2.0]
	at org.springframework.web.filter.DelegatingFilterProxy.invokeDelegate(DelegatingFilterProxy.java:352) ~[spring-web-6.1.1.jar:6.1.1]
	at org.springframework.web.filter.DelegatingFilterProxy.doFilter(DelegatingFilterProxy.java:268) ~[spring-web-6.1.1.jar:6.1.1]
	at org.apache.catalina.core.ApplicationFilterChain.internalDoFilter(ApplicationFilterChain.java:174) ~[tomcat-embed-core-10.1.16.jar:10.1.16]
	at org.apache.catalina.core.ApplicationFilterChain.doFilter(ApplicationFilterChain.java:149) ~[tomcat-embed-core-10.1.16.jar:10.1.16]
	at org.springframework.web.filter.RequestContextFilter.doFilterInternal(RequestContextFilter.java:100) ~[spring-web-6.1.1.jar:6.1.1]
	at org.springframework.web.filter.OncePerRequestFilter.doFilter(OncePerRequestFilter.java:116) ~[spring-web-6.1.1.jar:6.1.1]
	at org.apache.catalina.core.ApplicationFilterChain.internalDoFilter(ApplicationFilterChain.java:174) ~[tomcat-embed-core-10.1.16.jar:10.1.16]
	at org.apache.catalina.core.ApplicationFilterChain.doFilter(ApplicationFilterChain.java:149) ~[tomcat-embed-core-10.1.16.jar:10.1.16]
	at org.springframework.web.filter.FormContentFilter.doFilterInternal(FormContentFilter.java:93) ~[spring-web-6.1.1.jar:6.1.1]
	at org.springframework.web.filter.OncePerRequestFilter.doFilter(OncePerRequestFilter.java:116) ~[spring-web-6.1.1.jar:6.1.1]
	at org.apache.catalina.core.ApplicationFilterChain.internalDoFilter(ApplicationFilterChain.java:174) ~[tomcat-embed-core-10.1.16.jar:10.1.16]
	at org.apache.catalina.core.ApplicationFilterChain.doFilter(ApplicationFilterChain.java:149) ~[tomcat-embed-core-10.1.16.jar:10.1.16]
	at org.springframework.web.filter.CharacterEncodingFilter.doFilterInternal(CharacterEncodingFilter.java:201) ~[spring-web-6.1.1.jar:6.1.1]
	at org.springframework.web.filter.OncePerRequestFilter.doFilter(OncePerRequestFilter.java:116) ~[spring-web-6.1.1.jar:6.1.1]
	at org.apache.catalina.core.ApplicationFilterChain.internalDoFilter(ApplicationFilterChain.java:174) ~[tomcat-embed-core-10.1.16.jar:10.1.16]
	at org.apache.catalina.core.ApplicationFilterChain.doFilter(ApplicationFilterChain.java:149) ~[tomcat-embed-core-10.1.16.jar:10.1.16]
	at org.apache.catalina.core.StandardWrapperValve.invoke(StandardWrapperValve.java:167) ~[tomcat-embed-core-10.1.16.jar:10.1.16]
	at org.apache.catalina.core.StandardContextValve.invoke(StandardContextValve.java:90) ~[tomcat-embed-core-10.1.16.jar:10.1.16]
	at org.apache.catalina.authenticator.AuthenticatorBase.invoke(AuthenticatorBase.java:482) ~[tomcat-embed-core-10.1.16.jar:10.1.16]
	at org.apache.catalina.core.StandardHostValve.invoke(StandardHostValve.java:115) ~[tomcat-embed-core-10.1.16.jar:10.1.16]
	at org.apache.catalina.valves.ErrorReportValve.invoke(ErrorReportValve.java:93) ~[tomcat-embed-core-10.1.16.jar:10.1.16]
	at org.apache.catalina.core.StandardEngineValve.invoke(StandardEngineValve.java:74) ~[tomcat-embed-core-10.1.16.jar:10.1.16]
	at org.apache.catalina.connector.CoyoteAdapter.service(CoyoteAdapter.java:340) ~[tomcat-embed-core-10.1.16.jar:10.1.16]
	at org.apache.coyote.http11.Http11Processor.service(Http11Processor.java:391) ~[tomcat-embed-core-10.1.16.jar:10.1.16]
	at org.apache.coyote.AbstractProcessorLight.process(AbstractProcessorLight.java:63) ~[tomcat-embed-core-10.1.16.jar:10.1.16]
	at org.apache.coyote.AbstractProtocol$ConnectionHandler.process(AbstractProtocol.java:896) ~[tomcat-embed-core-10.1.16.jar:10.1.16]
	at org.apache.tomcat.util.net.NioEndpoint$SocketProcessor.doRun(NioEndpoint.java:1744) ~[tomcat-embed-core-10.1.16.jar:10.1.16]
	at org.apache.tomcat.util.net.SocketProcessorBase.run(SocketProcessorBase.java:52) ~[tomcat-embed-core-10.1.16.jar:10.1.16]
	at org.apache.tomcat.util.threads.ThreadPoolExecutor.runWorker(ThreadPoolExecutor.java:1191) ~[tomcat-embed-core-10.1.16.jar:10.1.16]
	at org.apache.tomcat.util.threads.ThreadPoolExecutor$Worker.run(ThreadPoolExecutor.java:659) ~[tomcat-embed-core-10.1.16.jar:10.1.16]
	at org.apache.tomcat.util.threads.TaskThread$WrappingRunnable.run(TaskThread.java:61) ~[tomcat-embed-core-10.1.16.jar:10.1.16]
	at java.base/java.lang.Thread.run(Thread.java:833) ~[na:na]

2025-12-28T14:49:03.270+08:00 ERROR 5816 --- [research-project-management] [http-nio-8080-exec-5] c.r.p.c.e.GlobalExceptionHandler         : 系统异常：

org.springframework.web.servlet.resource.NoResourceFoundException: No static resource api/auth/logout.
	at org.springframework.web.servlet.resource.ResourceHttpRequestHandler.handleRequest(ResourceHttpRequestHandler.java:585) ~[spring-webmvc-6.1.1.jar:6.1.1]
	at org.springframework.web.servlet.mvc.HttpRequestHandlerAdapter.handle(HttpRequestHandlerAdapter.java:52) ~[spring-webmvc-6.1.1.jar:6.1.1]
	at org.springframework.web.servlet.DispatcherServlet.doDispatch(DispatcherServlet.java:1089) ~[spring-webmvc-6.1.1.jar:6.1.1]
	at org.springframework.web.servlet.DispatcherServlet.doService(DispatcherServlet.java:979) ~[spring-webmvc-6.1.1.jar:6.1.1]
	at org.springframework.web.servlet.FrameworkServlet.processRequest(FrameworkServlet.java:1014) ~[spring-webmvc-6.1.1.jar:6.1.1]
	at org.springframework.web.servlet.FrameworkServlet.doPost(FrameworkServlet.java:914) ~[spring-webmvc-6.1.1.jar:6.1.1]
	at jakarta.servlet.http.HttpServlet.service(HttpServlet.java:590) ~[tomcat-embed-core-10.1.16.jar:6.0]
	at org.springframework.web.servlet.FrameworkServlet.service(FrameworkServlet.java:885) ~[spring-webmvc-6.1.1.jar:6.1.1]
	at jakarta.servlet.http.HttpServlet.service(HttpServlet.java:658) ~[tomcat-embed-core-10.1.16.jar:6.0]
	at org.apache.catalina.core.ApplicationFilterChain.internalDoFilter(ApplicationFilterChain.java:205) ~[tomcat-embed-core-10.1.16.jar:10.1.16]
	at org.apache.catalina.core.ApplicationFilterChain.doFilter(ApplicationFilterChain.java:149) ~[tomcat-embed-core-10.1.16.jar:10.1.16]
	at org.apache.tomcat.websocket.server.WsFilter.doFilter(WsFilter.java:51) ~[tomcat-embed-websocket-10.1.16.jar:10.1.16]
	at org.apache.catalina.core.ApplicationFilterChain.internalDoFilter(ApplicationFilterChain.java:174) ~[tomcat-embed-core-10.1.16.jar:10.1.16]
	at org.apache.catalina.core.ApplicationFilterChain.doFilter(ApplicationFilterChain.java:149) ~[tomcat-embed-core-10.1.16.jar:10.1.16]
	at org.springframework.web.filter.CorsFilter.doFilterInternal(CorsFilter.java:91) ~[spring-web-6.1.1.jar:6.1.1]
	at org.springframework.web.filter.OncePerRequestFilter.doFilter(OncePerRequestFilter.java:116) ~[spring-web-6.1.1.jar:6.1.1]
	at org.apache.catalina.core.ApplicationFilterChain.internalDoFilter(ApplicationFilterChain.java:174) ~[tomcat-embed-core-10.1.16.jar:10.1.16]
	at org.apache.catalina.core.ApplicationFilterChain.doFilter(ApplicationFilterChain.java:149) ~[tomcat-embed-core-10.1.16.jar:10.1.16]
	at org.springframework.security.web.FilterChainProxy.lambda$doFilterInternal$3(FilterChainProxy.java:231) ~[spring-security-web-6.2.0.jar:6.2.0]
	at org.springframework.security.web.FilterChainProxy$VirtualFilterChain.doFilter(FilterChainProxy.java:365) ~[spring-security-web-6.2.0.jar:6.2.0]
	at org.springframework.security.web.access.intercept.AuthorizationFilter.doFilter(AuthorizationFilter.java:100) ~[spring-security-web-6.2.0.jar:6.2.0]
	at org.springframework.security.web.FilterChainProxy$VirtualFilterChain.doFilter(FilterChainProxy.java:374) ~[spring-security-web-6.2.0.jar:6.2.0]
	at org.springframework.security.web.access.ExceptionTranslationFilter.doFilter(ExceptionTranslationFilter.java:126) ~[spring-security-web-6.2.0.jar:6.2.0]
	at org.springframework.security.web.access.ExceptionTranslationFilter.doFilter(ExceptionTranslationFilter.java:120) ~[spring-security-web-6.2.0.jar:6.2.0]
	at org.springframework.security.web.FilterChainProxy$VirtualFilterChain.doFilter(FilterChainProxy.java:374) ~[spring-security-web-6.2.0.jar:6.2.0]
	at org.springframework.security.web.session.SessionManagementFilter.doFilter(SessionManagementFilter.java:131) ~[spring-security-web-6.2.0.jar:6.2.0]
	at org.springframework.security.web.session.SessionManagementFilter.doFilter(SessionManagementFilter.java:85) ~[spring-security-web-6.2.0.jar:6.2.0]
	at org.springframework.security.web.FilterChainProxy$VirtualFilterChain.doFilter(FilterChainProxy.java:374) ~[spring-security-web-6.2.0.jar:6.2.0]
	at org.springframework.security.web.authentication.AnonymousAuthenticationFilter.doFilter(AnonymousAuthenticationFilter.java:100) ~[spring-security-web-6.2.0.jar:6.2.0]
	at org.springframework.security.web.FilterChainProxy$VirtualFilterChain.doFilter(FilterChainProxy.java:374) ~[spring-security-web-6.2.0.jar:6.2.0]
	at org.springframework.security.web.servletapi.SecurityContextHolderAwareRequestFilter.doFilter(SecurityContextHolderAwareRequestFilter.java:179) ~[spring-security-web-6.2.0.jar:6.2.0]
	at org.springframework.security.web.FilterChainProxy$VirtualFilterChain.doFilter(FilterChainProxy.java:374) ~[spring-security-web-6.2.0.jar:6.2.0]
	at org.springframework.security.web.savedrequest.RequestCacheAwareFilter.doFilter(RequestCacheAwareFilter.java:63) ~[spring-security-web-6.2.0.jar:6.2.0]
	at org.springframework.security.web.FilterChainProxy$VirtualFilterChain.doFilter(FilterChainProxy.java:374) ~[spring-security-web-6.2.0.jar:6.2.0]
	at org.springframework.security.web.authentication.logout.LogoutFilter.doFilter(LogoutFilter.java:107) ~[spring-security-web-6.2.0.jar:6.2.0]
	at org.springframework.security.web.authentication.logout.LogoutFilter.doFilter(LogoutFilter.java:93) ~[spring-security-web-6.2.0.jar:6.2.0]
	at org.springframework.security.web.FilterChainProxy$VirtualFilterChain.doFilter(FilterChainProxy.java:374) ~[spring-security-web-6.2.0.jar:6.2.0]
	at org.springframework.web.filter.CorsFilter.doFilterInternal(CorsFilter.java:91) ~[spring-web-6.1.1.jar:6.1.1]
	at org.springframework.web.filter.OncePerRequestFilter.doFilter(OncePerRequestFilter.java:116) ~[spring-web-6.1.1.jar:6.1.1]
	at org.springframework.security.web.FilterChainProxy$VirtualFilterChain.doFilter(FilterChainProxy.java:374) ~[spring-security-web-6.2.0.jar:6.2.0]
	at org.springframework.security.web.header.HeaderWriterFilter.doHeadersAfter(HeaderWriterFilter.java:90) ~[spring-security-web-6.2.0.jar:6.2.0]
	at org.springframework.security.web.header.HeaderWriterFilter.doFilterInternal(HeaderWriterFilter.java:75) ~[spring-security-web-6.2.0.jar:6.2.0]
	at org.springframework.web.filter.OncePerRequestFilter.doFilter(OncePerRequestFilter.java:116) ~[spring-web-6.1.1.jar:6.1.1]
	at org.springframework.security.web.FilterChainProxy$VirtualFilterChain.doFilter(FilterChainProxy.java:374) ~[spring-security-web-6.2.0.jar:6.2.0]
	at org.springframework.security.web.context.SecurityContextHolderFilter.doFilter(SecurityContextHolderFilter.java:82) ~[spring-security-web-6.2.0.jar:6.2.0]
	at org.springframework.security.web.context.SecurityContextHolderFilter.doFilter(SecurityContextHolderFilter.java:69) ~[spring-security-web-6.2.0.jar:6.2.0]
	at org.springframework.security.web.FilterChainProxy$VirtualFilterChain.doFilter(FilterChainProxy.java:374) ~[spring-security-web-6.2.0.jar:6.2.0]
	at org.springframework.security.web.context.request.async.WebAsyncManagerIntegrationFilter.doFilterInternal(WebAsyncManagerIntegrationFilter.java:62) ~[spring-security-web-6.2.0.jar:6.2.0]
	at org.springframework.web.filter.OncePerRequestFilter.doFilter(OncePerRequestFilter.java:116) ~[spring-web-6.1.1.jar:6.1.1]
	at org.springframework.security.web.FilterChainProxy$VirtualFilterChain.doFilter(FilterChainProxy.java:374) ~[spring-security-web-6.2.0.jar:6.2.0]
	at org.springframework.security.web.session.DisableEncodeUrlFilter.doFilterInternal(DisableEncodeUrlFilter.java:42) ~[spring-security-web-6.2.0.jar:6.2.0]
	at org.springframework.web.filter.OncePerRequestFilter.doFilter(OncePerRequestFilter.java:116) ~[spring-web-6.1.1.jar:6.1.1]
	at org.springframework.security.web.FilterChainProxy$VirtualFilterChain.doFilter(FilterChainProxy.java:374) ~[spring-security-web-6.2.0.jar:6.2.0]
	at org.springframework.security.web.FilterChainProxy.doFilterInternal(FilterChainProxy.java:233) ~[spring-security-web-6.2.0.jar:6.2.0]
	at org.springframework.security.web.FilterChainProxy.doFilter(FilterChainProxy.java:191) ~[spring-security-web-6.2.0.jar:6.2.0]
	at org.springframework.web.filter.DelegatingFilterProxy.invokeDelegate(DelegatingFilterProxy.java:352) ~[spring-web-6.1.1.jar:6.1.1]
	at org.springframework.web.filter.DelegatingFilterProxy.doFilter(DelegatingFilterProxy.java:268) ~[spring-web-6.1.1.jar:6.1.1]
	at org.apache.catalina.core.ApplicationFilterChain.internalDoFilter(ApplicationFilterChain.java:174) ~[tomcat-embed-core-10.1.16.jar:10.1.16]
	at org.apache.catalina.core.ApplicationFilterChain.doFilter(ApplicationFilterChain.java:149) ~[tomcat-embed-core-10.1.16.jar:10.1.16]
	at org.springframework.web.filter.RequestContextFilter.doFilterInternal(RequestContextFilter.java:100) ~[spring-web-6.1.1.jar:6.1.1]
	at org.springframework.web.filter.OncePerRequestFilter.doFilter(OncePerRequestFilter.java:116) ~[spring-web-6.1.1.jar:6.1.1]
	at org.apache.catalina.core.ApplicationFilterChain.internalDoFilter(ApplicationFilterChain.java:174) ~[tomcat-embed-core-10.1.16.jar:10.1.16]
	at org.apache.catalina.core.ApplicationFilterChain.doFilter(ApplicationFilterChain.java:149) ~[tomcat-embed-core-10.1.16.jar:10.1.16]
	at org.springframework.web.filter.FormContentFilter.doFilterInternal(FormContentFilter.java:93) ~[spring-web-6.1.1.jar:6.1.1]
	at org.springframework.web.filter.OncePerRequestFilter.doFilter(OncePerRequestFilter.java:116) ~[spring-web-6.1.1.jar:6.1.1]
	at org.apache.catalina.core.ApplicationFilterChain.internalDoFilter(ApplicationFilterChain.java:174) ~[tomcat-embed-core-10.1.16.jar:10.1.16]
	at org.apache.catalina.core.ApplicationFilterChain.doFilter(ApplicationFilterChain.java:149) ~[tomcat-embed-core-10.1.16.jar:10.1.16]
	at org.springframework.web.filter.CharacterEncodingFilter.doFilterInternal(CharacterEncodingFilter.java:201) ~[spring-web-6.1.1.jar:6.1.1]
	at org.springframework.web.filter.OncePerRequestFilter.doFilter(OncePerRequestFilter.java:116) ~[spring-web-6.1.1.jar:6.1.1]
	at org.apache.catalina.core.ApplicationFilterChain.internalDoFilter(ApplicationFilterChain.java:174) ~[tomcat-embed-core-10.1.16.jar:10.1.16]
	at org.apache.catalina.core.ApplicationFilterChain.doFilter(ApplicationFilterChain.java:149) ~[tomcat-embed-core-10.1.16.jar:10.1.16]
	at org.apache.catalina.core.StandardWrapperValve.invoke(StandardWrapperValve.java:167) ~[tomcat-embed-core-10.1.16.jar:10.1.16]
	at org.apache.catalina.core.StandardContextValve.invoke(StandardContextValve.java:90) ~[tomcat-embed-core-10.1.16.jar:10.1.16]
	at org.apache.catalina.authenticator.AuthenticatorBase.invoke(AuthenticatorBase.java:482) ~[tomcat-embed-core-10.1.16.jar:10.1.16]
	at org.apache.catalina.core.StandardHostValve.invoke(StandardHostValve.java:115) ~[tomcat-embed-core-10.1.16.jar:10.1.16]
	at org.apache.catalina.valves.ErrorReportValve.invoke(ErrorReportValve.java:93) ~[tomcat-embed-core-10.1.16.jar:10.1.16]
	at org.apache.catalina.core.StandardEngineValve.invoke(StandardEngineValve.java:74) ~[tomcat-embed-core-10.1.16.jar:10.1.16]
	at org.apache.catalina.connector.CoyoteAdapter.service(CoyoteAdapter.java:340) ~[tomcat-embed-core-10.1.16.jar:10.1.16]
	at org.apache.coyote.http11.Http11Processor.service(Http11Processor.java:391) ~[tomcat-embed-core-10.1.16.jar:10.1.16]
	at org.apache.coyote.AbstractProcessorLight.process(AbstractProcessorLight.java:63) ~[tomcat-embed-core-10.1.16.jar:10.1.16]
	at org.apache.coyote.AbstractProtocol$ConnectionHandler.process(AbstractProtocol.java:896) ~[tomcat-embed-core-10.1.16.jar:10.1.16]
	at org.apache.tomcat.util.net.NioEndpoint$SocketProcessor.doRun(NioEndpoint.java:1744) ~[tomcat-embed-core-10.1.16.jar:10.1.16]
	at org.apache.tomcat.util.net.SocketProcessorBase.run(SocketProcessorBase.java:52) ~[tomcat-embed-core-10.1.16.jar:10.1.16]
	at org.apache.tomcat.util.threads.ThreadPoolExecutor.runWorker(ThreadPoolExecutor.java:1191) ~[tomcat-embed-core-10.1.16.jar:10.1.16]
	at org.apache.tomcat.util.threads.ThreadPoolExecutor$Worker.run(ThreadPoolExecutor.java:659) ~[tomcat-embed-core-10.1.16.jar:10.1.16]
	at org.apache.tomcat.util.threads.TaskThread$WrappingRunnable.run(TaskThread.java:61) ~[tomcat-embed-core-10.1.16.jar:10.1.16]
	at java.base/java.lang.Thread.run(Thread.java:833) ~[na:na]

